<?xml version="1.0" encoding="UTF-8"?>
<!-- Generated by org.testng.reporters.JUnitReportReporter -->
<testsuite hostname="DESKTOP-3BP8S7P" failures="0" tests="1" name="testCase.TC_001_AccountRegistrationForm" time="3.209" errors="0" timestamp="2023-03-07T10:21:48 CST" skipped="0">
  <testcase classname="testCase.TC_001_AccountRegistrationForm" name="Test_AccountRegistration" time="3.209"/>
  <system-out/>
</testsuite> <!-- testCase.TC_001_AccountRegistrationForm -->
