<?xml version="1.0" encoding="UTF-8"?>
<!-- Generated by org.testng.reporters.JUnitReportReporter -->
<testsuite hostname="DESKTOP-3BP8S7P" failures="0" tests="4" name="testCase.TC_003_LoginDataDrivenTest" time="22.870" errors="0" timestamp="2022-12-27T09:51:41 CST" skipped="0">
  <testcase classname="testCase.TC_003_LoginDataDrivenTest" name="test_loginDDt" time="0.830"/>
  <system-out/>
  <testcase classname="testCase.TC_003_LoginDataDrivenTest" name="test_loginDDt" time="10.571"/>
  <system-out/>
  <testcase classname="testCase.TC_003_LoginDataDrivenTest" name="test_loginDDt" time="10.638"/>
  <system-out/>
  <testcase classname="testCase.TC_003_LoginDataDrivenTest" name="test_loginDDt" time="0.831"/>
  <system-out/>
</testsuite> <!-- testCase.TC_003_LoginDataDrivenTest -->
