<?xml version="1.0" encoding="UTF-8"?>
<!-- Generated by org.testng.reporters.JUnitReportReporter -->
<testsuite hostname="DESKTOP-3BP8S7P" failures="0" tests="4" name="testCase.TC_003_LoginDataDrivenTest" time="22.944" errors="0" timestamp="2023-03-10T12:09:40 CST" skipped="0">
  <testcase classname="testCase.TC_003_LoginDataDrivenTest" name="test_loginDDt" time="10.710"/>
  <system-out/>
  <testcase classname="testCase.TC_003_LoginDataDrivenTest" name="test_loginDDt" time="10.572"/>
  <system-out/>
  <testcase classname="testCase.TC_003_LoginDataDrivenTest" name="test_loginDDt" time="0.892"/>
  <system-out/>
  <testcase classname="testCase.TC_003_LoginDataDrivenTest" name="test_loginDDt" time="0.770"/>
  <system-out/>
</testsuite> <!-- testCase.TC_003_LoginDataDrivenTest -->
