<?xml version="1.0" encoding="UTF-8"?>
<!-- Generated by org.testng.reporters.JUnitReportReporter -->
<testsuite hostname="DESKTOP-3BP8S7P" failures="0" tests="1" name="testCase.TC_005_AddToCartTest" time="1.723" errors="0" timestamp="2023-03-07T09:58:34 CST" skipped="0">
  <testcase classname="testCase.TC_005_AddToCartTest" name="test_addToCart" time="1.723"/>
  <system-out/>
</testsuite> <!-- testCase.TC_005_AddToCartTest -->
