<?xml version="1.0" encoding="UTF-8"?>
<!-- Generated by org.testng.reporters.JUnitReportReporter -->
<testsuite hostname="DESKTOP-3BP8S7P" failures="0" tests="4" name="testCase.TC_003_LoginDataDrivenTest" time="24.429" errors="0" timestamp="2023-03-07T13:31:44 CST" skipped="0">
  <testcase classname="testCase.TC_003_LoginDataDrivenTest" name="test_loginDDt" time="10.808"/>
  <system-out/>
  <testcase classname="testCase.TC_003_LoginDataDrivenTest" name="test_loginDDt" time="1.162"/>
  <system-out/>
  <testcase classname="testCase.TC_003_LoginDataDrivenTest" name="test_loginDDt" time="11.353"/>
  <system-out/>
  <testcase classname="testCase.TC_003_LoginDataDrivenTest" name="test_loginDDt" time="1.106"/>
  <system-out/>
</testsuite> <!-- testCase.TC_003_LoginDataDrivenTest -->
