<?xml version="1.0" encoding="UTF-8"?>
<!-- Generated by org.testng.reporters.JUnitReportReporter -->
<testsuite hostname="DESKTOP-3BP8S7P" failures="0" tests="1" name="testCase.TC_004_SearchProduct" time="0.656" errors="0" timestamp="2023-02-02T12:45:55 CST" skipped="0">
  <testcase classname="testCase.TC_004_SearchProduct" name="test_search" time="0.656"/>
  <system-out/>
</testsuite> <!-- testCase.TC_004_SearchProduct -->
