<?xml version="1.0" encoding="UTF-8"?>
<!-- Generated by org.testng.reporters.JUnitReportReporter -->
<testsuite hostname="DESKTOP-3BP8S7P" failures="0" tests="1" name="testCase.TC_005_AddToCartTest" time="1.744" errors="0" timestamp="2023-02-02T12:45:55 CST" skipped="0">
  <testcase classname="testCase.TC_005_AddToCartTest" name="test_addToCart" time="1.744"/>
  <system-out/>
</testsuite> <!-- testCase.TC_005_AddToCartTest -->
