<?xml version="1.0" encoding="UTF-8"?>
<!-- Generated by org.testng.reporters.JUnitReportReporter -->
<testsuite hostname="DESKTOP-3BP8S7P" failures="0" tests="1" name="testCase.TC_002_LoginTest" time="0.971" errors="0" timestamp="2023-03-08T12:49:55 CST" skipped="0">
  <testcase classname="testCase.TC_002_LoginTest" name="test_Login" time="0.971"/>
  <system-out/>
</testsuite> <!-- testCase.TC_002_LoginTest -->
